0 info it worked if it ends with ok
1 verbose cli [ '/usr/local/Cellar/node/5.7.1/bin/node',
1 verbose cli   '/usr/local/bin/npm',
1 verbose cli   'install',
1 verbose cli   '--save',
1 verbose cli   'lib',
1 verbose cli   'vendor',
1 verbose cli   'outer' ]
2 info using npm@3.6.0
3 info using node@v5.7.1
4 silly loadCurrentTree Starting
5 silly install loadCurrentTree
6 silly install readLocalPackageData
7 silly fetchPackageMetaData lib
8 silly fetchPackageMetaData vendor
9 silly fetchPackageMetaData outer
10 silly fetchNamedPackageData vendor
11 silly mapToRegistry name vendor
12 silly mapToRegistry using default registry
13 silly mapToRegistry registry https://registry.npmjs.org/
14 silly mapToRegistry uri https://registry.npmjs.org/vendor
15 silly fetchNamedPackageData outer
16 silly mapToRegistry name outer
17 silly mapToRegistry using default registry
18 silly mapToRegistry registry https://registry.npmjs.org/
19 silly mapToRegistry uri https://registry.npmjs.org/outer
20 silly fetchNamedPackageData lib
21 silly mapToRegistry name lib
22 silly mapToRegistry using default registry
23 silly mapToRegistry registry https://registry.npmjs.org/
24 silly mapToRegistry uri https://registry.npmjs.org/lib
25 verbose request uri https://registry.npmjs.org/vendor
26 verbose request no auth needed
27 info attempt registry request try #1 at 6:48:04 AM
28 verbose request id b32b2740f085c351
29 http request GET https://registry.npmjs.org/vendor
30 verbose request uri https://registry.npmjs.org/outer
31 verbose request no auth needed
32 info attempt registry request try #1 at 6:48:04 AM
33 http request GET https://registry.npmjs.org/outer
34 verbose request uri https://registry.npmjs.org/lib
35 verbose request no auth needed
36 info attempt registry request try #1 at 6:48:04 AM
37 http request GET https://registry.npmjs.org/lib
38 http 404 https://registry.npmjs.org/outer
39 verbose headers { 'content-type': 'application/json',
39 verbose headers   'cache-control': 'max-age=0',
39 verbose headers   'content-length': '2',
39 verbose headers   'accept-ranges': 'bytes',
39 verbose headers   date: 'Tue, 05 Apr 2016 13:48:05 GMT',
39 verbose headers   via: '1.1 varnish',
39 verbose headers   age: '0',
39 verbose headers   connection: 'keep-alive',
39 verbose headers   'x-served-by': 'cache-dfw1822-DFW',
39 verbose headers   'x-cache': 'MISS',
39 verbose headers   'x-cache-hits': '0',
39 verbose headers   'x-timer': 'S1459864085.005505,VS0,VE256' }
40 silly get cb [ 404,
40 silly get   { 'content-type': 'application/json',
40 silly get     'cache-control': 'max-age=0',
40 silly get     'content-length': '2',
40 silly get     'accept-ranges': 'bytes',
40 silly get     date: 'Tue, 05 Apr 2016 13:48:05 GMT',
40 silly get     via: '1.1 varnish',
40 silly get     age: '0',
40 silly get     connection: 'keep-alive',
40 silly get     'x-served-by': 'cache-dfw1822-DFW',
40 silly get     'x-cache': 'MISS',
40 silly get     'x-cache-hits': '0',
40 silly get     'x-timer': 'S1459864085.005505,VS0,VE256' } ]
41 silly fetchPackageMetaData Error: Registry returned 404 for GET on https://registry.npmjs.org/outer
41 silly fetchPackageMetaData     at makeError (/usr/local/lib/node_modules/npm/node_modules/npm-registry-client/lib/request.js:264:12)
41 silly fetchPackageMetaData     at CachingRegistryClient.<anonymous> (/usr/local/lib/node_modules/npm/node_modules/npm-registry-client/lib/request.js:242:14)
41 silly fetchPackageMetaData     at Request._callback (/usr/local/lib/node_modules/npm/node_modules/npm-registry-client/lib/request.js:172:14)
41 silly fetchPackageMetaData     at Request.self.callback (/usr/local/lib/node_modules/npm/node_modules/request/request.js:198:22)
41 silly fetchPackageMetaData     at emitTwo (events.js:100:13)
41 silly fetchPackageMetaData     at Request.emit (events.js:185:7)
41 silly fetchPackageMetaData     at Request.<anonymous> (/usr/local/lib/node_modules/npm/node_modules/request/request.js:1035:10)
41 silly fetchPackageMetaData     at emitOne (events.js:95:20)
41 silly fetchPackageMetaData     at Request.emit (events.js:182:7)
41 silly fetchPackageMetaData     at IncomingMessage.<anonymous> (/usr/local/lib/node_modules/npm/node_modules/request/request.js:962:12)
41 silly fetchPackageMetaData  error for outer { [Error: Registry returned 404 for GET on https://registry.npmjs.org/outer] pkgid: 'outer', statusCode: 404, code: 'E404' }
42 http 200 https://registry.npmjs.org/vendor
43 verbose headers { server: 'CouchDB/1.5.0 (Erlang OTP/R16B03)',
43 verbose headers   etag: '"20NG4TLAIQUEFNLHM72HBCIAA"',
43 verbose headers   'content-type': 'application/json',
43 verbose headers   'content-encoding': 'gzip',
43 verbose headers   'cache-control': 'max-age=300',
43 verbose headers   'content-length': '874',
43 verbose headers   'accept-ranges': 'bytes',
43 verbose headers   date: 'Tue, 05 Apr 2016 13:48:05 GMT',
43 verbose headers   via: '1.1 varnish',
43 verbose headers   age: '0',
43 verbose headers   connection: 'keep-alive',
43 verbose headers   'x-served-by': 'cache-dfw1841-DFW',
43 verbose headers   'x-cache': 'MISS',
43 verbose headers   'x-cache-hits': '0',
43 verbose headers   'x-timer': 'S1459864084.992686,VS0,VE279',
43 verbose headers   vary: 'Accept' }
44 silly get cb [ 200,
44 silly get   { server: 'CouchDB/1.5.0 (Erlang OTP/R16B03)',
44 silly get     etag: '"20NG4TLAIQUEFNLHM72HBCIAA"',
44 silly get     'content-type': 'application/json',
44 silly get     'content-encoding': 'gzip',
44 silly get     'cache-control': 'max-age=300',
44 silly get     'content-length': '874',
44 silly get     'accept-ranges': 'bytes',
44 silly get     date: 'Tue, 05 Apr 2016 13:48:05 GMT',
44 silly get     via: '1.1 varnish',
44 silly get     age: '0',
44 silly get     connection: 'keep-alive',
44 silly get     'x-served-by': 'cache-dfw1841-DFW',
44 silly get     'x-cache': 'MISS',
44 silly get     'x-cache-hits': '0',
44 silly get     'x-timer': 'S1459864084.992686,VS0,VE279',
44 silly get     vary: 'Accept' } ]
45 verbose get saving vendor to /Users/admin/.npm/registry.npmjs.org/vendor/.cache.json
46 verbose correctMkdir /Users/admin/.npm correctMkdir not in flight; initializing
47 http 200 https://registry.npmjs.org/lib
48 verbose headers { server: 'CouchDB/1.5.0 (Erlang OTP/R16B03)',
48 verbose headers   etag: '"DJOGT00D3XIERWMOPSJPOTL7B"',
48 verbose headers   'content-type': 'application/json',
48 verbose headers   'content-encoding': 'gzip',
48 verbose headers   'cache-control': 'max-age=300',
48 verbose headers   'content-length': '669',
48 verbose headers   'accept-ranges': 'bytes',
48 verbose headers   date: 'Tue, 05 Apr 2016 13:48:05 GMT',
48 verbose headers   via: '1.1 varnish',
48 verbose headers   age: '0',
48 verbose headers   connection: 'keep-alive',
48 verbose headers   'x-served-by': 'cache-dfw1845-DFW',
48 verbose headers   'x-cache': 'MISS',
48 verbose headers   'x-cache-hits': '0',
48 verbose headers   'x-timer': 'S1459864084.994281,VS0,VE279',
48 verbose headers   vary: 'Accept' }
49 silly get cb [ 200,
49 silly get   { server: 'CouchDB/1.5.0 (Erlang OTP/R16B03)',
49 silly get     etag: '"DJOGT00D3XIERWMOPSJPOTL7B"',
49 silly get     'content-type': 'application/json',
49 silly get     'content-encoding': 'gzip',
49 silly get     'cache-control': 'max-age=300',
49 silly get     'content-length': '669',
49 silly get     'accept-ranges': 'bytes',
49 silly get     date: 'Tue, 05 Apr 2016 13:48:05 GMT',
49 silly get     via: '1.1 varnish',
49 silly get     age: '0',
49 silly get     connection: 'keep-alive',
49 silly get     'x-served-by': 'cache-dfw1845-DFW',
49 silly get     'x-cache': 'MISS',
49 silly get     'x-cache-hits': '0',
49 silly get     'x-timer': 'S1459864084.994281,VS0,VE279',
49 silly get     vary: 'Accept' } ]
50 verbose get saving lib to /Users/admin/.npm/registry.npmjs.org/lib/.cache.json
51 verbose correctMkdir /Users/admin/.npm correctMkdir already in flight; waiting
52 silly rollbackFailedOptional Starting
53 silly rollbackFailedOptional Finishing
54 silly runTopLevelLifecycles Starting
55 silly runTopLevelLifecycles Finishing
56 silly install printInstalled
57 verbose stack Error: Registry returned 404 for GET on https://registry.npmjs.org/outer
57 verbose stack     at makeError (/usr/local/lib/node_modules/npm/node_modules/npm-registry-client/lib/request.js:264:12)
57 verbose stack     at CachingRegistryClient.<anonymous> (/usr/local/lib/node_modules/npm/node_modules/npm-registry-client/lib/request.js:242:14)
57 verbose stack     at Request._callback (/usr/local/lib/node_modules/npm/node_modules/npm-registry-client/lib/request.js:172:14)
57 verbose stack     at Request.self.callback (/usr/local/lib/node_modules/npm/node_modules/request/request.js:198:22)
57 verbose stack     at emitTwo (events.js:100:13)
57 verbose stack     at Request.emit (events.js:185:7)
57 verbose stack     at Request.<anonymous> (/usr/local/lib/node_modules/npm/node_modules/request/request.js:1035:10)
57 verbose stack     at emitOne (events.js:95:20)
57 verbose stack     at Request.emit (events.js:182:7)
57 verbose stack     at IncomingMessage.<anonymous> (/usr/local/lib/node_modules/npm/node_modules/request/request.js:962:12)
58 verbose statusCode 404
59 verbose pkgid outer
60 verbose cwd /Users/admin/tmp/Meteor/Nv3n
61 error Darwin 15.4.0
62 error argv "/usr/local/Cellar/node/5.7.1/bin/node" "/usr/local/bin/npm" "install" "--save" "lib" "vendor" "outer"
63 error node v5.7.1
64 error npm  v3.6.0
65 error code E404
66 error 404 Registry returned 404 for GET on https://registry.npmjs.org/outer
67 error 404
68 error 404 'outer' is not in the npm registry.
69 error 404 You should bug the author to publish it (or use the name yourself!)
70 error 404 Note that you can also install from a
71 error 404 tarball, folder, http url, or git url.
72 verbose exit [ 1, true ]
